[01m[K/home/tommi/ros2/ws/turtle_challenge_cpp/src/challenge2.cpp:3:10:[m[K [01;31m[Kfatal error: [m[Kexample_interfaces/msg/Float64.hpp: No such file or directory
    3 | #include [01;31m[K"example_interfaces/msg/Float64.hpp"[m[K
      |          [01;31m[K^~~~~~~~~~~~~~~~~~~~~~~~~~~~~~~~~~~~[m[K
compilation terminated.
gmake[2]: *** [CMakeFiles/challenge2.dir/build.make:76: CMakeFiles/challenge2.dir/src/challenge2.cpp.o] Error 1
gmake[1]: *** [CMakeFiles/Makefile2:137: CMakeFiles/challenge2.dir/all] Error 2
gmake: *** [Makefile:146: all] Error 2
