[0.014s] Invoking command in '/home/tommi/ros2/ws/build/turtle_challenge_cpp': CMAKE_PREFIX_PATH=/home/tommi/ros2/ws/install/my_robot_interfaces:/home/tommi/ros2/ws/install/turtle_challenge_cpp:/home/tommi/ros2/ws/install/service_client_cpp:/opt/ros/jazzy/opt/gz_sim_vendor:/opt/ros/jazzy/opt/gz_sensors_vendor:/opt/ros/jazzy/opt/gz_physics_vendor:/opt/ros/jazzy/opt/sdformat_vendor:/opt/ros/jazzy/opt/gz_gui_vendor:/opt/ros/jazzy/opt/gz_transport_vendor:/opt/ros/jazzy/opt/gz_rendering_vendor:/opt/ros/jazzy/opt/gz_plugin_vendor:/opt/ros/jazzy/opt/gz_fuel_tools_vendor:/opt/ros/jazzy/opt/gz_msgs_vendor:/opt/ros/jazzy/opt/gz_common_vendor:/opt/ros/jazzy/opt/gz_math_vendor:/opt/ros/jazzy/opt/gz_utils_vendor:/opt/ros/jazzy/opt/gz_tools_vendor:/opt/ros/jazzy/opt/gz_ogre_next_vendor:/opt/ros/jazzy/opt/gz_dartsim_vendor:/opt/ros/jazzy/opt/gz_cmake_vendor:/home/tommi/ros2/ws/install/my_py_pkg:/home/tommi/ros2/ws/install/number_counter_py:/home/tommi/ros2/ws/install/temperature:/home/tommi/ros2/ws/install/number_publisher:/opt/ros/jazzy DEBUGINFOD_URLS=https://debuginfod.ubuntu.com PYTHONPATH=/home/tommi/ros2/ws/install/my_robot_interfaces/lib/python3.12/site-packages:/home/tommi/ros2/ws/build/my_py_pkg:/home/tommi/ros2/ws/install/my_py_pkg/lib/python3.12/site-packages:/home/tommi/ros2/ws/install/number_counter_py/lib/python3.12/site-packages:/home/tommi/ros2/ws/build/temperature:/home/tommi/ros2/ws/install/temperature/lib/python3.12/site-packages:/home/tommi/ros2/ws/install/number_publisher/lib/python3.12/site-packages:/opt/ros/jazzy/lib/python3.12/site-packages /usr/bin/cmake --build /home/tommi/ros2/ws/build/turtle_challenge_cpp -- -j8 -l8
[0.121s] [ 50%] Built target challenge2
[0.125s] [ 75%] [32mBuilding CXX object CMakeFiles/challenge2_params.dir/src/challenge2_parameters.cpp.o[0m
[2.513s] [01m[K/home/tommi/ros2/ws/turtle_challenge_cpp/src/challenge2_parameters.cpp:[m[K In constructor â€˜[01m[KChallenge2Node::[01;32m[KChallenge2Node[m[K()[m[Kâ€™:
[2.514s] [01m[K/home/tommi/ros2/ws/turtle_challenge_cpp/src/challenge2_parameters.cpp:27:7:[m[K [01;31m[Kerror: [m[Kâ€˜[01m[Kparam_callback_handle_[m[Kâ€™ was not declared in this scope
[2.514s]    27 |       [01;31m[Kparam_callback_handle_[m[K = this->add_post_set_parameters_callback(std::bind(&Challenge2Node::ParamCallbackMethod, this, _1);
[2.514s]       |       [01;31m[K^~~~~~~~~~~~~~~~~~~~~~[m[K
[2.515s] [01m[K/home/tommi/ros2/ws/turtle_challenge_cpp/src/challenge2_parameters.cpp:27:128:[m[K [01;31m[Kerror: [m[Kexpected â€˜[01m[K)[m[Kâ€™ before â€˜[01m[K;[m[Kâ€™ token
[2.515s]    27 |       param_callback_handle_ = this->add_post_set_parameters_callback(std::bind(&Challenge2Node::ParamCallbackMethod, this, _1)[01;31m[K;[m[K
[2.515s]       |                                                                                                                                [01;31m[K^[m[K
[2.515s] [01m[K/home/tommi/ros2/ws/turtle_challenge_cpp/src/challenge2_parameters.cpp:27:70:[m[K [01;36m[Knote: [m[Kto match this â€˜[01m[K([m[Kâ€™
[2.515s]    27 |       param_callback_handle_ = this->add_post_set_parameters_callback[01;36m[K([m[Kstd::bind(&Challenge2Node::ParamCallbackMethod, this, _1);
[2.515s]       |                                                                      [01;36m[K^[m[K
[5.203s] gmake[2]: *** [CMakeFiles/challenge2_params.dir/build.make:76: CMakeFiles/challenge2_params.dir/src/challenge2_parameters.cpp.o] Error 1
[5.203s] gmake[1]: *** [CMakeFiles/Makefile2:165: CMakeFiles/challenge2_params.dir/all] Error 2
[5.203s] gmake: *** [Makefile:146: all] Error 2
[5.206s] Invoked command in '/home/tommi/ros2/ws/build/turtle_challenge_cpp' returned '2': CMAKE_PREFIX_PATH=/home/tommi/ros2/ws/install/my_robot_interfaces:/home/tommi/ros2/ws/install/turtle_challenge_cpp:/home/tommi/ros2/ws/install/service_client_cpp:/opt/ros/jazzy/opt/gz_sim_vendor:/opt/ros/jazzy/opt/gz_sensors_vendor:/opt/ros/jazzy/opt/gz_physics_vendor:/opt/ros/jazzy/opt/sdformat_vendor:/opt/ros/jazzy/opt/gz_gui_vendor:/opt/ros/jazzy/opt/gz_transport_vendor:/opt/ros/jazzy/opt/gz_rendering_vendor:/opt/ros/jazzy/opt/gz_plugin_vendor:/opt/ros/jazzy/opt/gz_fuel_tools_vendor:/opt/ros/jazzy/opt/gz_msgs_vendor:/opt/ros/jazzy/opt/gz_common_vendor:/opt/ros/jazzy/opt/gz_math_vendor:/opt/ros/jazzy/opt/gz_utils_vendor:/opt/ros/jazzy/opt/gz_tools_vendor:/opt/ros/jazzy/opt/gz_ogre_next_vendor:/opt/ros/jazzy/opt/gz_dartsim_vendor:/opt/ros/jazzy/opt/gz_cmake_vendor:/home/tommi/ros2/ws/install/my_py_pkg:/home/tommi/ros2/ws/install/number_counter_py:/home/tommi/ros2/ws/install/temperature:/home/tommi/ros2/ws/install/number_publisher:/opt/ros/jazzy DEBUGINFOD_URLS=https://debuginfod.ubuntu.com PYTHONPATH=/home/tommi/ros2/ws/install/my_robot_interfaces/lib/python3.12/site-packages:/home/tommi/ros2/ws/build/my_py_pkg:/home/tommi/ros2/ws/install/my_py_pkg/lib/python3.12/site-packages:/home/tommi/ros2/ws/install/number_counter_py/lib/python3.12/site-packages:/home/tommi/ros2/ws/build/temperature:/home/tommi/ros2/ws/install/temperature/lib/python3.12/site-packages:/home/tommi/ros2/ws/install/number_publisher/lib/python3.12/site-packages:/opt/ros/jazzy/lib/python3.12/site-packages /usr/bin/cmake --build /home/tommi/ros2/ws/build/turtle_challenge_cpp -- -j8 -l8
