-- Found ament_cmake: 2.5.2 (/opt/ros/jazzy/share/ament_cmake/cmake)
-- Found rclcpp: 28.1.5 (/opt/ros/jazzy/share/rclcpp/cmake)
-- Found rosidl_generator_c: 4.6.4 (/opt/ros/jazzy/share/rosidl_generator_c/cmake)
-- Found rosidl_generator_cpp: 4.6.4 (/opt/ros/jazzy/share/rosidl_generator_cpp/cmake)
-- Using all available rosidl_typesupport_c: rosidl_typesupport_fastrtps_c;rosidl_typesupport_introspection_c
-- Using all available rosidl_typesupport_cpp: rosidl_typesupport_fastrtps_cpp;rosidl_typesupport_introspection_cpp
-- Found rmw_implementation_cmake: 7.3.1 (/opt/ros/jazzy/share/rmw_implementation_cmake/cmake)
-- Found rmw_cyclonedds_cpp: 2.2.2 (/opt/ros/jazzy/share/rmw_cyclonedds_cpp/cmake)
-- Using RMW implementation 'rmw_cyclonedds_cpp' as default
-- Found turtlesim: 1.8.3 (/opt/ros/jazzy/share/turtlesim/cmake)
-- Found geometry_msgs: 5.3.5 (/opt/ros/jazzy/share/geometry_msgs/cmake)
-- Found my_robot_interfaces: 0.0.0 (/home/tommi/ros2/ws/install/my_robot_interfaces/share/my_robot_interfaces/cmake)
-- Found ament_lint_auto: 0.17.1 (/opt/ros/jazzy/share/ament_lint_auto/cmake)
-- Added test 'cppcheck' to perform static code analysis on C / C++ code
-- Configured cppcheck include dirs: $<BUILD_INTERFACE:/home/tommi/ros2/ws/turtle_challenge_cpp/include>
-- Configured cppcheck exclude dirs and/or files: 
-- Added test 'lint_cmake' to check CMake code style
-- Added test 'uncrustify' to check C / C++ code style
-- Configured uncrustify additional arguments: 
-- Added test 'xmllint' to check XML markup files
-- Configuring done (0.7s)
-- Generating done (0.0s)
-- Build files have been written to: /home/tommi/ros2/ws/build/turtle_challenge_cpp
[ 25%] [32mBuilding CXX object CMakeFiles/challenge2_params.dir/src/challenge2_parameters.cpp.o[0m
[ 50%] [32mBuilding CXX object CMakeFiles/challenge2.dir/src/challenge2.cpp.o[0m
[01m[K/home/tommi/ros2/ws/turtle_challenge_cpp/src/challenge2_parameters.cpp:[m[K In member function â€˜[01m[Kvoid Challenge2Node::[01;32m[KSubscriberCallbackMethod[m[K(turtlesim::msg::Pose_<std::allocator<void> >::SharedPtr)[m[Kâ€™:
[01m[K/home/tommi/ros2/ws/turtle_challenge_cpp/src/challenge2_parameters.cpp:50:15:[m[K [01;31m[Kerror: [m[Kâ€˜[01m[Kold_x[m[Kâ€™ was not declared in this scope; did you mean â€˜[01m[Kold_x_[m[Kâ€™?
   50 |           if ([01;31m[Kold_x[m[K < x_line_){
      |               [01;31m[K^~~~~[m[K
      |               [32m[Kold_x_[m[K
gmake[2]: *** [CMakeFiles/challenge2_params.dir/build.make:76: CMakeFiles/challenge2_params.dir/src/challenge2_parameters.cpp.o] Error 1
gmake[1]: *** [CMakeFiles/Makefile2:165: CMakeFiles/challenge2_params.dir/all] Error 2
gmake[1]: *** Waiting for unfinished jobs....
[ 75%] [32m[1mLinking CXX executable challenge2[0m
[ 75%] Built target challenge2
gmake: *** [Makefile:146: all] Error 2
